[2024-06-19 15:33:05,749: INFO: main: Welcome to our Custom Logging]
[2024-06-20 09:48:48,953: INFO: common: yaml file: config\config.yaml loaded successfully]
[2024-06-20 09:48:48,955: INFO: common: yaml file: params.yaml loaded successfully]
[2024-06-20 09:50:29,549: INFO: common: yaml file: config\config.yaml loaded successfully]
[2024-06-20 09:50:29,562: INFO: common: yaml file: params.yaml loaded successfully]
[2024-06-20 09:53:47,113: INFO: common: yaml file: config\config.yaml loaded successfully]
[2024-06-20 09:53:47,115: INFO: common: yaml file: params.yaml loaded successfully]
[2024-06-20 09:54:16,731: INFO: common: yaml file: config\config.yaml loaded successfully]
[2024-06-20 09:54:16,743: INFO: common: yaml file: params.yaml loaded successfully]
[2024-06-20 09:54:16,746: INFO: common: yaml file: schema.yaml loaded successfully]
[2024-06-20 09:54:16,746: INFO: common: created directory at: artifacts]
[2024-06-20 09:54:16,749: INFO: common: created directory at: artifacts/data_ingestion]
[2024-06-20 09:58:35,367: INFO: common: yaml file: config\config.yaml loaded successfully]
[2024-06-20 09:58:35,369: INFO: common: yaml file: params.yaml loaded successfully]
[2024-06-20 09:58:35,371: INFO: common: yaml file: schema.yaml loaded successfully]
[2024-06-20 09:58:35,372: INFO: common: created directory at: artifacts]
[2024-06-20 09:58:35,373: INFO: common: created directory at: artifacts/data_ingestion]
[2024-06-20 09:58:47,709: INFO: common: yaml file: config\config.yaml loaded successfully]
[2024-06-20 09:58:47,712: INFO: common: yaml file: params.yaml loaded successfully]
[2024-06-20 09:58:47,714: INFO: common: yaml file: schema.yaml loaded successfully]
[2024-06-20 09:58:47,716: INFO: common: created directory at: artifacts]
[2024-06-20 09:58:47,717: INFO: common: created directory at: artifacts/data_ingestion]
[2024-06-20 09:59:14,164: INFO: common: yaml file: config\config.yaml loaded successfully]
[2024-06-20 09:59:14,167: INFO: common: yaml file: params.yaml loaded successfully]
[2024-06-20 09:59:14,169: INFO: common: yaml file: schema.yaml loaded successfully]
[2024-06-20 09:59:14,170: INFO: common: created directory at: artifacts]
[2024-06-20 09:59:14,171: INFO: common: created directory at: artifacts/data_ingestion]
[2024-06-20 10:00:49,438: INFO: common: yaml file: config\config.yaml loaded successfully]
[2024-06-20 10:00:49,440: INFO: common: yaml file: params.yaml loaded successfully]
[2024-06-20 10:00:49,442: INFO: common: yaml file: schema.yaml loaded successfully]
[2024-06-20 10:00:49,443: INFO: common: created directory at: artifacts]
[2024-06-20 10:00:49,445: INFO: common: created directory at: artifacts/data_ingestion]
[2024-06-20 20:23:46,335: INFO: common: yaml file: config\config.yaml loaded successfully]
[2024-06-20 20:23:46,354: INFO: common: yaml file: params.yaml loaded successfully]
[2024-06-20 20:23:46,358: INFO: common: yaml file: schema.yaml loaded successfully]
[2024-06-20 20:23:46,360: INFO: common: created directory at: artifacts]
[2024-06-20 20:23:46,362: INFO: common: created directory at: artifacts/data_ingestion]
[2024-06-20 20:23:48,009: INFO: 2366278714: artifacts/data_ingestion/data.zip download! with following info: 
Connection: close
Content-Length: 23329
Cache-Control: max-age=300
Content-Security-Policy: default-src 'none'; style-src 'unsafe-inline'; sandbox
Content-Type: application/zip
ETag: "c69888a4ae59bc5a893392785a938ccd4937981c06ba8a9d6a21aa52b4ab5b6e"
Strict-Transport-Security: max-age=31536000
X-Content-Type-Options: nosniff
X-Frame-Options: deny
X-XSS-Protection: 1; mode=block
X-GitHub-Request-Id: 1475:2B756F:327B72:406835:66744279
Accept-Ranges: bytes
Date: Thu, 20 Jun 2024 14:53:47 GMT
Via: 1.1 varnish
X-Served-By: cache-maa10250-MAA
X-Cache: MISS
X-Cache-Hits: 0
X-Timer: S1718895227.299143,VS0,VE295
Vary: Authorization,Accept-Encoding,Origin
Access-Control-Allow-Origin: *
Cross-Origin-Resource-Policy: cross-origin
X-Fastly-Request-ID: 5f859cad52f69766c1bccfac59fbe900e0341333
Expires: Thu, 20 Jun 2024 14:58:47 GMT
Source-Age: 0

]
[2024-06-20 20:34:31,405: INFO: main: >>>>>> stage Data Ingestion stage started <<<<<<]
[2024-06-20 20:34:31,407: INFO: common: yaml file: config\config.yaml loaded successfully]
[2024-06-20 20:34:31,408: INFO: common: yaml file: params.yaml loaded successfully]
[2024-06-20 20:34:31,408: INFO: common: yaml file: schema.yaml loaded successfully]
[2024-06-20 20:34:31,409: INFO: common: created directory at: artifacts]
[2024-06-20 20:34:31,409: INFO: common: created directory at: artifacts/data_ingestion]
[2024-06-20 20:34:32,907: INFO: data_ingestion: artifacts/data_ingestion/data.zip download! with following info: 
Connection: close
Content-Length: 23329
Cache-Control: max-age=300
Content-Security-Policy: default-src 'none'; style-src 'unsafe-inline'; sandbox
Content-Type: application/zip
ETag: "c69888a4ae59bc5a893392785a938ccd4937981c06ba8a9d6a21aa52b4ab5b6e"
Strict-Transport-Security: max-age=31536000
X-Content-Type-Options: nosniff
X-Frame-Options: deny
X-XSS-Protection: 1; mode=block
X-GitHub-Request-Id: 1475:2B756F:327B72:406835:66744279
Accept-Ranges: bytes
Date: Thu, 20 Jun 2024 15:04:32 GMT
Via: 1.1 varnish
X-Served-By: cache-maa10233-MAA
X-Cache: HIT
X-Cache-Hits: 0
X-Timer: S1718895872.191669,VS0,VE305
Vary: Authorization,Accept-Encoding,Origin
Access-Control-Allow-Origin: *
Cross-Origin-Resource-Policy: cross-origin
X-Fastly-Request-ID: 6aa7c47607b06384086736db5b3425df90fd02c8
Expires: Thu, 20 Jun 2024 15:09:32 GMT
Source-Age: 0

]
[2024-06-20 20:34:32,922: INFO: main: >>>>>> stage Data Ingestion stage completed <<<<<<

x==========x]
